app/build/intermediates/manifest_merge_blame_file/debug/manifest-merger-blame-debug-report.txt
1<?xml version="1.0" encoding="utf-8"?>
2<manifest xmlns:android="http://schemas.android.com/apk/res/android"
3    package="com.example.therecipehost"
4    android:versionCode="1"
5    android:versionName="1.0" >
6
7    <uses-sdk
8        android:minSdkVersion="25"
8-->src/main/AndroidManifest.xml
9        android:targetSdkVersion="30" />
9-->src/main/AndroidManifest.xml
10
11    <uses-permission android:name="android.permission.INTERNET" />
11-->src/main/AndroidManifest.xml:5:5-67
11-->src/main/AndroidManifest.xml:5:22-64
12
13    <application
13-->src/main/AndroidManifest.xml:7:5-26:19
14        android:allowBackup="true"
14-->src/main/AndroidManifest.xml:8:9-35
15        android:appComponentFactory="androidx.core.app.CoreComponentFactory"
15-->[androidx.core:core:1.3.1] AndroidManifest.xml:24:18-86
16        android:debuggable="true"
17        android:extractNativeLibs="false"
18        android:icon="@mipmap/ic_launcher"
18-->src/main/AndroidManifest.xml:9:9-43
19        android:label="@string/app_name"
19-->src/main/AndroidManifest.xml:10:9-41
20        android:roundIcon="@mipmap/ic_launcher_round"
20-->src/main/AndroidManifest.xml:11:9-54
21        android:supportsRtl="true"
21-->src/main/AndroidManifest.xml:12:9-35
22        android:testOnly="true"
23        android:theme="@style/Theme.TheRecipeHost" >
23-->src/main/AndroidManifest.xml:13:9-51
24        <activity android:name="com.example.therecipehost.SplashActivity" >
24-->src/main/AndroidManifest.xml:15:9-21:20
24-->src/main/AndroidManifest.xml:15:19-49
25            <intent-filter>
25-->src/main/AndroidManifest.xml:16:13-20:29
26                <action android:name="android.intent.action.MAIN" />
26-->src/main/AndroidManifest.xml:17:17-69
26-->src/main/AndroidManifest.xml:17:25-66
27
28                <category android:name="android.intent.category.LAUNCHER" />
28-->src/main/AndroidManifest.xml:19:17-77
28-->src/main/AndroidManifest.xml:19:27-74
29            </intent-filter>
30        </activity>
31        <activity android:name="com.example.therecipehost.activities.LoginActivity" />
31-->src/main/AndroidManifest.xml:22:9-62
31-->src/main/AndroidManifest.xml:22:19-59
32        <activity
32-->src/main/AndroidManifest.xml:23:9-25:55
33            android:name="com.example.therecipehost.MainActivity"
33-->src/main/AndroidManifest.xml:24:13-41
34            android:windowSoftInputMode="adjustPan" />
34-->src/main/AndroidManifest.xml:25:13-52
35    </application>
36
37</manifest>